<?xml version="1.0" encoding="UTF-8"?>
<testng-results ignored="3" total="4" passed="0" failed="1" skipped="0">
  <reporter-output>
  </reporter-output>
  <suite started-at="2022-08-22T23:42:22 IST" name="Default suite" finished-at="2022-08-22T23:43:17 IST" duration-ms="54579">
    <groups>
    </groups>
    <test started-at="2022-08-22T23:42:22 IST" name="Default test" finished-at="2022-08-22T23:43:17 IST" duration-ms="54579">
      <class name="com.project.IMBD.Assertion">
        <test-method is-config="true" signature="launchIMDB()[pri:0, instance:com.project.IMBD.Assertion@3d680b5a]" started-at="2022-08-22T23:42:22 IST" name="launchIMDB" finished-at="2022-08-22T23:42:44 IST" duration-ms="22032" status="PASS">
          <reporter-output>
          </reporter-output>
        </test-method> <!-- launchIMDB -->
        <test-method is-config="true" signature="launchWiki()[pri:0, instance:com.project.IMBD.Assertion@3d680b5a]" started-at="2022-08-22T23:42:44 IST" name="launchWiki" finished-at="2022-08-22T23:43:01 IST" depends-on-methods="com.project.IMBD.IMDB_Search.launchIMDB" duration-ms="16777" status="PASS">
          <reporter-output>
          </reporter-output>
        </test-method> <!-- launchWiki -->
        <test-method signature="compareInfo()[pri:0, instance:com.project.IMBD.Assertion@3d680b5a]" started-at="2022-08-22T23:43:01 IST" name="compareInfo" finished-at="2022-08-22T23:43:05 IST" duration-ms="4023" status="FAIL">
          <exception class="java.lang.AssertionError">
            <full-stacktrace>
              <![CDATA[java.lang.AssertionError: 
at org.testng.AssertJUnit.fail(AssertJUnit.java:65)
at org.testng.AssertJUnit.assertTrue(AssertJUnit.java:23)
at org.testng.AssertJUnit.assertTrue(AssertJUnit.java:33)
at com.project.IMBD.Assertion.compareInfo(Assertion.java:14)
at java.base/jdk.internal.reflect.NativeMethodAccessorImpl.invoke0(Native Method)
at java.base/jdk.internal.reflect.NativeMethodAccessorImpl.invoke(NativeMethodAccessorImpl.java:62)
at java.base/jdk.internal.reflect.DelegatingMethodAccessorImpl.invoke(DelegatingMethodAccessorImpl.java:43)
at java.base/java.lang.reflect.Method.invoke(Method.java:564)
at org.testng.internal.MethodInvocationHelper.invokeMethod(MethodInvocationHelper.java:132)
at org.testng.internal.TestInvoker.invokeMethod(TestInvoker.java:599)
at org.testng.internal.TestInvoker.invokeTestMethod(TestInvoker.java:174)
at org.testng.internal.MethodRunner.runInSequence(MethodRunner.java:46)
at org.testng.internal.TestInvoker$MethodInvocationAgent.invoke(TestInvoker.java:822)
at org.testng.internal.TestInvoker.invokeTestMethods(TestInvoker.java:147)
at org.testng.internal.TestMethodWorker.invokeTestMethods(TestMethodWorker.java:146)
at org.testng.internal.TestMethodWorker.run(TestMethodWorker.java:128)
at java.base/java.util.ArrayList.forEach(ArrayList.java:1511)
at org.testng.TestRunner.privateRun(TestRunner.java:764)
at org.testng.TestRunner.run(TestRunner.java:585)
at org.testng.SuiteRunner.runTest(SuiteRunner.java:384)
at org.testng.SuiteRunner.runSequentially(SuiteRunner.java:378)
at org.testng.SuiteRunner.privateRun(SuiteRunner.java:337)
at org.testng.SuiteRunner.run(SuiteRunner.java:286)
at org.testng.SuiteRunnerWorker.runSuite(SuiteRunnerWorker.java:53)
at org.testng.SuiteRunnerWorker.run(SuiteRunnerWorker.java:96)
at org.testng.TestNG.runSuitesSequentially(TestNG.java:1218)
at org.testng.TestNG.runSuitesLocally(TestNG.java:1140)
at org.testng.TestNG.runSuites(TestNG.java:1069)
at org.testng.TestNG.run(TestNG.java:1037)
at org.testng.remote.AbstractRemoteTestNG.run(AbstractRemoteTestNG.java:115)
at org.testng.remote.RemoteTestNG.initAndRun(RemoteTestNG.java:251)
at org.testng.remote.RemoteTestNG.main(RemoteTestNG.java:77)
]]>
            </full-stacktrace>
          </exception> <!-- java.lang.AssertionError -->
          <reporter-output>
          </reporter-output>
        </test-method> <!-- compareInfo -->
        <test-method is-config="true" signature="exit()[pri:0, instance:com.project.IMBD.Assertion@3d680b5a]" started-at="2022-08-22T23:43:05 IST" name="exit" finished-at="2022-08-22T23:43:06 IST" duration-ms="816" status="PASS">
          <reporter-output>
          </reporter-output>
        </test-method> <!-- exit -->
        <test-method is-config="true" signature="burnDown()[pri:0, instance:com.project.IMBD.Assertion@3d680b5a]" started-at="2022-08-22T23:43:06 IST" name="burnDown" finished-at="2022-08-22T23:43:17 IST" duration-ms="10856" status="PASS">
          <reporter-output>
          </reporter-output>
        </test-method> <!-- burnDown -->
      </class> <!-- com.project.IMBD.Assertion -->
    </test> <!-- Default test -->
  </suite> <!-- Default suite -->
</testng-results>
